<?xml version="1.0" encoding="UTF-8"?>
<!-- Generated by org.testng.reporters.JUnitReportReporter -->
<testsuite skipped="0" hostname="DESKTOP-129E11A" name="com.demoshop24.searchtests.SearchMacTest" tests="1" failures="0" timestamp="15 Nis 2021 14:44:51 GMT" time="10.395" errors="0">
  <testcase name="SearchMacTest" time="10.395" classname="com.demoshop24.searchtests.SearchMacTest"/>
</testsuite> <!-- com.demoshop24.searchtests.SearchMacTest -->
